This file contains any messages produced by compilers while
running configure, to aid debugging if configure makes a mistake.

It was created by xprintidle configure 0.2, which was
generated by GNU Autoconf 2.62.  Invocation command line was

  $ ./configure 

## --------- ##
## Platform. ##
## --------- ##

hostname = dazzle
uname -m = i686
uname -r = 2.6.27-11-generic
uname -s = Linux
uname -v = #1 SMP Thu Jan 29 19:24:39 UTC 2009

/usr/bin/uname -p = unknown
/bin/uname -X     = unknown

/bin/arch              = unknown
/usr/bin/arch -k       = unknown
/usr/convex/getsysinfo = unknown
/usr/bin/hostinfo      = unknown
/bin/machine           = unknown
/usr/bin/oslevel       = unknown
/bin/universe          = unknown

PATH: /usr/local/sbin
PATH: /usr/local/bin
PATH: /usr/sbin
PATH: /usr/bin
PATH: /sbin
PATH: /bin
PATH: /usr/games


## ----------- ##
## Core tests. ##
## ----------- ##

configure:1844: checking for a BSD-compatible install
configure:1912: result: /usr/bin/install -c
configure:1923: checking whether build environment is sane
configure:1966: result: yes
configure:1991: checking for a thread-safe mkdir -p
configure:2030: result: /bin/mkdir -p
configure:2043: checking for gawk
configure:2073: result: no
configure:2043: checking for mawk
configure:2059: found /usr/bin/mawk
configure:2070: result: mawk
configure:2081: checking whether make sets $(MAKE)
configure:2103: result: yes
configure:2342: checking for gcc
configure:2358: found /usr/bin/gcc
configure:2369: result: gcc
configure:2607: checking for C compiler version
configure:2615: gcc --version >&5
gcc (Ubuntu 4.3.2-1ubuntu12) 4.3.2
Copyright (C) 2008 Free Software Foundation, Inc.
This is free software; see the source for copying conditions.  There is NO
warranty; not even for MERCHANTABILITY or FITNESS FOR A PARTICULAR PURPOSE.

configure:2619: $? = 0
configure:2626: gcc -v >&5
Using built-in specs.
Target: i486-linux-gnu
Configured with: ../src/configure -v --with-pkgversion='Ubuntu 4.3.2-1ubuntu12' --with-bugurl=file:///usr/share/doc/gcc-4.3/README.Bugs --enable-languages=c,c++,fortran,objc,obj-c++ --prefix=/usr --enable-shared --with-system-zlib --libexecdir=/usr/lib --without-included-gettext --enable-threads=posix --enable-nls --with-gxx-include-dir=/usr/include/c++/4.3 --program-suffix=-4.3 --enable-clocale=gnu --enable-libstdcxx-debug --enable-objc-gc --enable-mpfr --enable-targets=all --enable-checking=release --build=i486-linux-gnu --host=i486-linux-gnu --target=i486-linux-gnu
Thread model: posix
gcc version 4.3.2 (Ubuntu 4.3.2-1ubuntu12) 
configure:2630: $? = 0
configure:2637: gcc -V >&5
gcc: '-V' option must have argument
configure:2641: $? = 1
configure:2664: checking for C compiler default output file name
configure:2686: gcc    conftest.c  >&5
configure:2690: $? = 0
configure:2728: result: a.out
configure:2745: checking whether the C compiler works
configure:2755: ./a.out
configure:2759: $? = 0
configure:2776: result: yes
configure:2783: checking whether we are cross compiling
configure:2785: result: no
configure:2788: checking for suffix of executables
configure:2795: gcc -o conftest    conftest.c  >&5
configure:2799: $? = 0
configure:2823: result: 
configure:2829: checking for suffix of object files
configure:2855: gcc -c   conftest.c >&5
configure:2859: $? = 0
configure:2882: result: o
configure:2886: checking whether we are using the GNU C compiler
configure:2915: gcc -c   conftest.c >&5
configure:2922: $? = 0
configure:2939: result: yes
configure:2948: checking whether gcc accepts -g
configure:2978: gcc -c -g  conftest.c >&5
configure:2985: $? = 0
configure:3086: result: yes
configure:3103: checking for gcc option to accept ISO C89
configure:3177: gcc  -c -g -O2  conftest.c >&5
configure:3184: $? = 0
configure:3207: result: none needed
configure:3236: checking for style of include used by make
configure:3264: result: GNU
configure:3289: checking dependency style of gcc
configure:3380: result: gcc3
configure:3409: checking for a BSD-compatible install
configure:3477: result: /usr/bin/install -c
configure:3496: checking how to run the C preprocessor
configure:3536: gcc -E  conftest.c
configure:3543: $? = 0
configure:3574: gcc -E  conftest.c
conftest.c:10:28: error: ac_nonexistent.h: No such file or directory
configure:3581: $? = 1
configure: failed program was:
| /* confdefs.h.  */
| #define PACKAGE_NAME "xprintidle"
| #define PACKAGE_TARNAME "xprintidle"
| #define PACKAGE_VERSION "0.2"
| #define PACKAGE_STRING "xprintidle 0.2"
| #define PACKAGE_BUGREPORT "henoch@dtek.chalmers.se"
| #define PACKAGE "xprintidle"
| #define VERSION "0.2"
| /* end confdefs.h.  */
| #include <ac_nonexistent.h>
configure:3614: result: gcc -E
configure:3643: gcc -E  conftest.c
configure:3650: $? = 0
configure:3681: gcc -E  conftest.c
conftest.c:10:28: error: ac_nonexistent.h: No such file or directory
configure:3688: $? = 1
configure: failed program was:
| /* confdefs.h.  */
| #define PACKAGE_NAME "xprintidle"
| #define PACKAGE_TARNAME "xprintidle"
| #define PACKAGE_VERSION "0.2"
| #define PACKAGE_STRING "xprintidle 0.2"
| #define PACKAGE_BUGREPORT "henoch@dtek.chalmers.se"
| #define PACKAGE "xprintidle"
| #define VERSION "0.2"
| /* end confdefs.h.  */
| #include <ac_nonexistent.h>
configure:3726: checking for X
configure:3897: gcc -o conftest -g -O2   conftest.c -lX11  >&5
configure:3904: $? = 0
configure:3966: result: libraries , headers 
configure:3982: checking for XOpenDisplay in -lX11
configure:4017: gcc -o conftest -g -O2   conftest.c -lX11   -L >&5
gcc: argument to '-L' is missing
configure:4024: $? = 1
configure: failed program was:
| /* confdefs.h.  */
| #define PACKAGE_NAME "xprintidle"
| #define PACKAGE_TARNAME "xprintidle"
| #define PACKAGE_VERSION "0.2"
| #define PACKAGE_STRING "xprintidle 0.2"
| #define PACKAGE_BUGREPORT "henoch@dtek.chalmers.se"
| #define PACKAGE "xprintidle"
| #define VERSION "0.2"
| /* end confdefs.h.  */
| 
| /* Override any GCC internal prototype to avoid an error.
|    Use char because int might match the return type of a GCC
|    builtin and then its argument prototype would still apply.  */
| #ifdef __cplusplus
| extern "C"
| #endif
| char XOpenDisplay ();
| int
| main ()
| {
| return XOpenDisplay ();
|   ;
|   return 0;
| }
configure:4045: result: no
configure:4055: error: libX11 not found

## ---------------- ##
## Cache variables. ##
## ---------------- ##

ac_cv_c_compiler_gnu=yes
ac_cv_env_CC_set=
ac_cv_env_CC_value=
ac_cv_env_CFLAGS_set=
ac_cv_env_CFLAGS_value=
ac_cv_env_CPPFLAGS_set=
ac_cv_env_CPPFLAGS_value=
ac_cv_env_CPP_set=
ac_cv_env_CPP_value=
ac_cv_env_LDFLAGS_set=
ac_cv_env_LDFLAGS_value=
ac_cv_env_LIBS_set=
ac_cv_env_LIBS_value=
ac_cv_env_XMKMF_set=
ac_cv_env_XMKMF_value=
ac_cv_env_build_alias_set=
ac_cv_env_build_alias_value=
ac_cv_env_host_alias_set=
ac_cv_env_host_alias_value=
ac_cv_env_target_alias_set=
ac_cv_env_target_alias_value=
ac_cv_have_x='have_x=yes	ac_x_includes='\'''\''	ac_x_libraries='\'''\'''
ac_cv_lib_X11_XOpenDisplay=no
ac_cv_objext=o
ac_cv_path_install='/usr/bin/install -c'
ac_cv_path_mkdir=/bin/mkdir
ac_cv_prog_AWK=mawk
ac_cv_prog_CPP='gcc -E'
ac_cv_prog_ac_ct_CC=gcc
ac_cv_prog_cc_c89=
ac_cv_prog_cc_g=yes
ac_cv_prog_make_make_set=yes
am_cv_CC_dependencies_compiler_type=gcc3

## ----------------- ##
## Output variables. ##
## ----------------- ##

ACLOCAL='${SHELL} /home/james/code/evanescent/play/idle/xprintidle-0.2/missing --run aclocal-1.10'
AMDEPBACKSLASH='\'
AMDEP_FALSE='#'
AMDEP_TRUE=''
AMTAR='${SHELL} /home/james/code/evanescent/play/idle/xprintidle-0.2/missing --run tar'
AUTOCONF='${SHELL} /home/james/code/evanescent/play/idle/xprintidle-0.2/missing --run autoconf'
AUTOHEADER='${SHELL} /home/james/code/evanescent/play/idle/xprintidle-0.2/missing --run autoheader'
AUTOMAKE='${SHELL} /home/james/code/evanescent/play/idle/xprintidle-0.2/missing --run automake-1.10'
AWK='mawk'
CC='gcc'
CCDEPMODE='depmode=gcc3'
CFLAGS='-g -O2'
CPP='gcc -E'
CPPFLAGS=''
CYGPATH_W='echo'
DEFS=''
DEPDIR='.deps'
ECHO_C=''
ECHO_N='-n'
ECHO_T=''
EXEEXT=''
INSTALL_DATA='${INSTALL} -m 644'
INSTALL_PROGRAM='${INSTALL}'
INSTALL_SCRIPT='${INSTALL}'
INSTALL_STRIP_PROGRAM='$(install_sh) -c -s'
LDFLAGS=''
LIBOBJS=''
LIBS=' -L'
LTLIBOBJS=''
MAKEINFO='${SHELL} /home/james/code/evanescent/play/idle/xprintidle-0.2/missing --run makeinfo'
MKDIR_P='/bin/mkdir -p'
OBJEXT='o'
PACKAGE='xprintidle'
PACKAGE_BUGREPORT='henoch@dtek.chalmers.se'
PACKAGE_NAME='xprintidle'
PACKAGE_STRING='xprintidle 0.2'
PACKAGE_TARNAME='xprintidle'
PACKAGE_VERSION='0.2'
PATH_SEPARATOR=':'
SET_MAKE=''
SHELL='/bin/bash'
STRIP=''
VERSION='0.2'
XMKMF=''
ac_ct_CC='gcc'
am__fastdepCC_FALSE='#'
am__fastdepCC_TRUE=''
am__include='include'
am__isrc=''
am__leading_dot='.'
am__quote=''
am__tar='${AMTAR} chof - "$$tardir"'
am__untar='${AMTAR} xf -'
bindir='${exec_prefix}/bin'
build_alias=''
datadir='${datarootdir}'
datarootdir='${prefix}/share'
docdir='${datarootdir}/doc/${PACKAGE_TARNAME}'
dvidir='${docdir}'
exec_prefix='NONE'
host_alias=''
htmldir='${docdir}'
includedir='${prefix}/include'
infodir='${datarootdir}/info'
install_sh='$(SHELL) /home/james/code/evanescent/play/idle/xprintidle-0.2/install-sh'
libdir='${exec_prefix}/lib'
libexecdir='${exec_prefix}/libexec'
localedir='${datarootdir}/locale'
localstatedir='${prefix}/var'
mandir='${datarootdir}/man'
mkdir_p='/bin/mkdir -p'
oldincludedir='/usr/include'
pdfdir='${docdir}'
prefix='NONE'
program_transform_name='s,x,x,'
psdir='${docdir}'
sbindir='${exec_prefix}/sbin'
sharedstatedir='${prefix}/com'
sysconfdir='${prefix}/etc'
target_alias=''
x_includes=''
x_libraries=''

## ----------- ##
## confdefs.h. ##
## ----------- ##

#define PACKAGE_NAME "xprintidle"
#define PACKAGE_TARNAME "xprintidle"
#define PACKAGE_VERSION "0.2"
#define PACKAGE_STRING "xprintidle 0.2"
#define PACKAGE_BUGREPORT "henoch@dtek.chalmers.se"
#define PACKAGE "xprintidle"
#define VERSION "0.2"

configure: exit 1
